<?xml version="1.0" encoding="UTF-8"?>
<!-- Generated by org.testng.reporters.JUnitReportReporter -->
<testsuite hostname="LAPTOP-9TH27PRK" failures="0" tests="2" name="day35.AnnotaionDemo2" time="0.008" errors="0" timestamp="2023-01-26T22:54:34 IST" skipped="0">
  <testcase classname="day35.AnnotaionDemo2" name="search" time="0.006"/>
  <system-out/>
  <testcase classname="day35.AnnotaionDemo2" name="advancesearch" time="0.002"/>
  <system-out/>
</testsuite> <!-- day35.AnnotaionDemo2 -->
