<?xml version="1.0" encoding="UTF-8"?>
<!-- Generated by org.testng.reporters.JUnitReportReporter -->
<testsuite hostname="LAPTOP-9TH27PRK" failures="0" tests="2" name="day35.AllAnnotations" time="0.012" errors="0" timestamp="2023-01-26T23:10:15 IST" skipped="0">
  <testcase classname="day35.AllAnnotations" name="tm1" time="0.010"/>
  <system-out/>
  <testcase classname="day35.AllAnnotations" name="tm2" time="0.002"/>
  <system-out/>
</testsuite> <!-- day35.AllAnnotations -->
