<?xml version="1.0" encoding="UTF-8"?>
<!-- Generated by org.testng.reporters.JUnitReportReporter -->
<testsuite hostname="LAPTOP-9TH27PRK" failures="0" tests="2" name="day35.AnnotationDemo1" time="0.011" errors="0" timestamp="2023-01-26T22:51:29 IST" skipped="0">
  <testcase classname="day35.AnnotationDemo1" name="search" time="0.010"/>
  <system-out/>
  <testcase classname="day35.AnnotationDemo1" name="advanceSearch" time="0.001"/>
  <system-out/>
</testsuite> <!-- day35.AnnotationDemo1 -->
