<?xml version="1.0" encoding="UTF-8"?>
<!-- Generated by org.testng.reporters.JUnitReportReporter -->
<testsuite hostname="LAPTOP-9TH27PRK" failures="0" tests="1" name="day34.FirstTest" time="0.008" errors="0" timestamp="2023-01-26T14:46:18 IST" skipped="0">
  <testcase classname="day34.FirstTest" name="login" time="0.008"/>
  <system-out/>
</testsuite> <!-- day34.FirstTest -->
