<?xml version="1.0" encoding="UTF-8"?>
<!-- Generated by org.testng.reporters.JUnitReportReporter -->
<testsuite hostname="LAPTOP-9TH27PRK" failures="0" tests="3" name="day36.Grouping" time="0.006" errors="0" timestamp="2023-01-28T19:44:39 IST" skipped="0">
  <testcase classname="day36.Grouping" name="signupbyfacebook" time="0.005"/>
  <system-out/>
  <testcase classname="day36.Grouping" name="signupbytwitter" time="0.001"/>
  <system-out/>
  <testcase classname="day36.Grouping" name="paymentReturnbyBank" time="0.000"/>
  <system-out/>
</testsuite> <!-- day36.Grouping -->
