<?xml version="1.0" encoding="UTF-8"?>
<!-- Generated by org.testng.reporters.JUnitReportReporter -->
<testsuite hostname="LAPTOP-9TH27PRK" failures="0" tests="1" name="day35.pack.Class1" time="0.006" errors="0" timestamp="2023-01-26T23:02:39 IST" skipped="0">
  <testcase classname="day35.pack.Class1" name="abc" time="0.006"/>
  <system-out/>
</testsuite> <!-- day35.pack.Class1 -->
