<?xml version="1.0" encoding="UTF-8"?>
<!-- Generated by org.testng.reporters.JUnitReportReporter -->
<testsuite hostname="LAPTOP-9TH27PRK" failures="0" tests="2" name="day39.LoginTest" time="1.574" errors="0" timestamp="2023-01-30T11:57:42 IST" skipped="0">
  <testcase classname="day39.LoginTest" name="testLogo" time="0.088"/>
  <system-out/>
  <testcase classname="day39.LoginTest" name="testLogin" time="1.486"/>
  <system-out/>
</testsuite> <!-- day39.LoginTest -->
