<?xml version="1.0" encoding="UTF-8"?>
<!-- Generated by org.testng.reporters.JUnitReportReporter -->
<testsuite hostname="LAPTOP-9TH27PRK" failures="0" tests="3" name="day34.SecondTest" time="6.185" errors="0" timestamp="2023-01-26T15:09:40 IST" skipped="0">
  <testcase classname="day34.SecondTest" name="openApp" time="4.391"/>
  <system-out/>
  <testcase classname="day34.SecondTest" name="login" time="1.669"/>
  <system-out/>
  <testcase classname="day34.SecondTest" name="logout" time="0.125"/>
  <system-out/>
</testsuite> <!-- day34.SecondTest -->
