<?xml version="1.0" encoding="UTF-8"?>
<!-- Generated by org.testng.reporters.JUnitReportReporter -->
<testsuite hostname="LAPTOP-9TH27PRK" failures="0" tests="10" name="day37.InvocationCountDemo" time="0.051" errors="0" timestamp="2023-01-29T11:54:38 IST" skipped="0">
  <testcase classname="day37.InvocationCountDemo" name="test" time="0.002"/>
  <system-out/>
  <testcase classname="day37.InvocationCountDemo" name="test" time="0.001"/>
  <system-out/>
  <testcase classname="day37.InvocationCountDemo" name="test" time="0.001"/>
  <system-out/>
  <testcase classname="day37.InvocationCountDemo" name="test" time="0.001"/>
  <system-out/>
  <testcase classname="day37.InvocationCountDemo" name="test" time="0.002"/>
  <system-out/>
  <testcase classname="day37.InvocationCountDemo" name="test" time="0.039"/>
  <system-out/>
  <testcase classname="day37.InvocationCountDemo" name="test" time="0.002"/>
  <system-out/>
  <testcase classname="day37.InvocationCountDemo" name="test" time="0.002"/>
  <system-out/>
  <testcase classname="day37.InvocationCountDemo" name="test" time="0.001"/>
  <system-out/>
  <testcase classname="day37.InvocationCountDemo" name="test" time="0.000"/>
  <system-out/>
</testsuite> <!-- day37.InvocationCountDemo -->
