<?xml version="1.0" encoding="UTF-8"?>
<!-- Generated by org.testng.reporters.JUnitReportReporter -->
<testsuite hostname="LAPTOP-9TH27PRK" failures="0" tests="4" name="day37.ParamTest" time="0.171" errors="0" timestamp="2023-01-29T12:07:43 IST" skipped="0">
  <testcase classname="day37.ParamTest" name="testLogo" time="0.072"/>
  <system-out/>
  <testcase classname="day37.ParamTest" name="testLogo" time="0.072"/>
  <system-out/>
  <testcase classname="day37.ParamTest" name="testHomePagetitle" time="0.014"/>
  <system-out/>
  <testcase classname="day37.ParamTest" name="testHomePagetitle" time="0.013"/>
  <system-out/>
</testsuite> <!-- day37.ParamTest -->
