<?xml version="1.0" encoding="UTF-8"?>
<!-- Generated by org.testng.reporters.JUnitReportReporter -->
<testsuite hostname="LAPTOP-9TH27PRK" failures="0" tests="3" name="day34.ThirdTestCase" time="0.001" errors="0" timestamp="2023-01-26T15:09:40 IST" skipped="0">
  <testcase classname="day34.ThirdTestCase" name="test3" time="0.000"/>
  <system-out/>
  <testcase classname="day34.ThirdTestCase" name="test1" time="0.001"/>
  <system-out/>
  <testcase classname="day34.ThirdTestCase" name="test2" time="0.000"/>
  <system-out/>
</testsuite> <!-- day34.ThirdTestCase -->
